<?xml version="1.0" encoding="UTF-8"?>
<!-- Generated by org.testng.reporters.JUnitReportReporter -->
<testsuite hostname="Himaz-WL" failures="0" tests="2" name="com.restapi.testcases.TC001GetListUsers" time="0.552" errors="0" timestamp="2024-12-02T10:31:16 IST" skipped="0">
  <testcase classname="com.restapi.testcases.TC001GetListUsers" name="checkStatusCode" time="0.001"/>
  <system-out/>
  <testcase classname="com.restapi.testcases.TC001GetListUsers" name="checkResponseBody" time="0.551"/>
  <system-out/>
</testsuite> <!-- com.restapi.testcases.TC001GetListUsers -->
