<?xml version="1.0" encoding="UTF-8"?>
<!-- Generated by org.testng.reporters.JUnitReportReporter -->
<testsuite hostname="Himaz-WL" failures="0" tests="2" name="com.restapi.testcases.TC003CreateUser" time="0.521" errors="0" timestamp="2024-12-02T13:53:07 IST" skipped="0">
  <testcase classname="com.restapi.testcases.TC003CreateUser" name="verifyResponseBody" time="0.520"/>
  <system-out/>
  <testcase classname="com.restapi.testcases.TC003CreateUser" name="verifyStatusCode" time="0.001"/>
  <system-out/>
</testsuite> <!-- com.restapi.testcases.TC003CreateUser -->
