<?xml version="1.0" encoding="UTF-8"?>
<!-- Generated by org.testng.reporters.JUnitReportReporter -->
<testsuite hostname="Himaz-WL" failures="0" tests="1" name="com.qa.testcases.HimazTestPage" time="29.131" errors="0" timestamp="2024-11-27T18:03:53 IST" skipped="0">
  <testcase classname="com.qa.testcases.HimazTestPage" name="verifyLogin" time="29.131"/>
  <system-out/>
</testsuite> <!-- com.qa.testcases.HimazTestPage -->
