<?xml version="1.0" encoding="UTF-8"?>
<!-- Generated by org.testng.reporters.JUnitReportReporter -->
<testsuite hostname="Himaz-WL" failures="0" tests="2" name="com.restapi.testcases.TC002GetSingleUser" time="0.496" errors="0" timestamp="2024-12-02T12:46:53 IST" skipped="0">
  <testcase classname="com.restapi.testcases.TC002GetSingleUser" name="verifyResponseBody" time="0.496"/>
  <system-out/>
  <testcase classname="com.restapi.testcases.TC002GetSingleUser" name="verifyStatusCode" time="0.000"/>
  <system-out/>
</testsuite> <!-- com.restapi.testcases.TC002GetSingleUser -->
