<?xml version="1.0" encoding="UTF-8"?>
<!-- Generated by org.testng.reporters.JUnitReportReporter -->
<testsuite hostname="Himaz-WL" failures="0" tests="3" name="com.qa.regression.PracticeTestNGRegTwo" time="0.004" errors="0" timestamp="2024-11-27T18:47:11 IST" skipped="0">
  <testcase classname="com.qa.regression.PracticeTestNGRegTwo" name="printName1" time="0.002"/>
  <system-out/>
  <testcase classname="com.qa.regression.PracticeTestNGRegTwo" name="printName3" time="0.002"/>
  <system-out/>
  <testcase classname="com.qa.regression.PracticeTestNGRegTwo" name="printName2" time="0.000"/>
  <system-out/>
</testsuite> <!-- com.qa.regression.PracticeTestNGRegTwo -->
