<?xml version="1.0" encoding="UTF-8"?>
<!-- Generated by org.testng.reporters.JUnitReportReporter -->
<testsuite hostname="Himaz-WL" failures="0" tests="1" name="com.qa.smoke.HimazTestPageSmokeOne" time="32.958" errors="0" timestamp="2024-11-27T18:47:11 IST" skipped="0">
  <testcase classname="com.qa.smoke.HimazTestPageSmokeOne" name="verifyLogin" time="32.958"/>
  <system-out/>
</testsuite> <!-- com.qa.smoke.HimazTestPageSmokeOne -->
