<?xml version="1.0" encoding="UTF-8"?>
<!-- Generated by org.testng.reporters.JUnitReportReporter -->
<testsuite hostname="Himaz-WL" failures="0" tests="3" name="com.qa.smoke.PracticeTestNGSmokeOne" time="0.010" errors="0" timestamp="2024-11-27T21:14:49 IST" skipped="0">
  <testcase classname="com.qa.smoke.PracticeTestNGSmokeOne" name="printName1" time="0.008"/>
  <system-out/>
  <testcase classname="com.qa.smoke.PracticeTestNGSmokeOne" name="printName3" time="0.001"/>
  <system-out/>
  <testcase classname="com.qa.smoke.PracticeTestNGSmokeOne" name="printName2" time="0.001"/>
  <system-out/>
</testsuite> <!-- com.qa.smoke.PracticeTestNGSmokeOne -->
