<?xml version="1.0" encoding="UTF-8"?>
<!-- Generated by org.testng.reporters.JUnitReportReporter -->
<testsuite hostname="Himaz-WL" failures="0" tests="1" name="com.qa.regression.HimazTestPageRegTwo" time="33.686" errors="0" timestamp="2024-11-27T18:47:11 IST" skipped="0">
  <testcase classname="com.qa.regression.HimazTestPageRegTwo" name="verifyLogin" time="33.686"/>
  <system-out/>
</testsuite> <!-- com.qa.regression.HimazTestPageRegTwo -->
