<?xml version="1.0" encoding="UTF-8"?>
<!-- Generated by org.testng.reporters.JUnitReportReporter -->
<testsuite hostname="Himaz-WL" failures="0" tests="3" name="com.qa.testcases.PracticeTestNG" time="0.014" errors="0" timestamp="2024-11-27T18:03:53 IST" skipped="0">
  <testcase classname="com.qa.testcases.PracticeTestNG" name="printName1" time="0.011"/>
  <system-out/>
  <testcase classname="com.qa.testcases.PracticeTestNG" name="printName3" time="0.002"/>
  <system-out/>
  <testcase classname="com.qa.testcases.PracticeTestNG" name="printName2" time="0.001"/>
  <system-out/>
</testsuite> <!-- com.qa.testcases.PracticeTestNG -->
