<?xml version="1.0" encoding="UTF-8"?>
<!-- Generated by org.testng.reporters.JUnitReportReporter -->
<testsuite skipped="0" hostname="Himaz-WL" name="com.qa.smoke.PracticeTestNGSmokeTwo" tests="3" failures="0" timestamp="2024-11-29T19:49:54 IST" time="0.000" errors="0">
  <testcase name="printName1" time="0.000" classname="com.qa.smoke.PracticeTestNGSmokeTwo"/>
  <system-out/>
  <testcase name="printName3" time="0.000" classname="com.qa.smoke.PracticeTestNGSmokeTwo"/>
  <system-out/>
  <testcase name="printName2" time="0.000" classname="com.qa.smoke.PracticeTestNGSmokeTwo"/>
  <system-out/>
</testsuite> <!-- com.qa.smoke.PracticeTestNGSmokeTwo -->
